[I 2024-08-14 18:18:01.504 ServerApp] jupyter_lsp | extension was successfully linked.
[I 2024-08-14 18:18:01.508 ServerApp] jupyter_server_terminals | extension was successfully linked.
[I 2024-08-14 18:18:01.512 ServerApp] jupyterlab | extension was successfully linked.
[I 2024-08-14 18:18:01.516 ServerApp] notebook | extension was successfully linked.
[I 2024-08-14 18:18:01.796 ServerApp] notebook_shim | extension was successfully linked.
[I 2024-08-14 18:18:01.836 ServerApp] notebook_shim | extension was successfully loaded.
[I 2024-08-14 18:18:01.838 ServerApp] jupyter_lsp | extension was successfully loaded.
[I 2024-08-14 18:18:01.839 ServerApp] jupyter_server_terminals | extension was successfully loaded.
[I 2024-08-14 18:18:01.842 LabApp] JupyterLab extension loaded from /Users/new/miniconda3/envs/teachopencadd/lib/python3.8/site-packages/jupyterlab
[I 2024-08-14 18:18:01.842 LabApp] JupyterLab application directory is /Users/new/miniconda3/envs/teachopencadd/share/jupyter/lab
[I 2024-08-14 18:18:01.843 LabApp] Extension Manager is 'pypi'.
[I 2024-08-14 18:18:01.860 ServerApp] jupyterlab | extension was successfully loaded.
[I 2024-08-14 18:18:01.863 ServerApp] notebook | extension was successfully loaded.
[I 2024-08-14 18:18:01.865 ServerApp] Serving notebooks from local directory: /Users/new/PycharmProjects/teachopencadd-zh
[I 2024-08-14 18:18:01.865 ServerApp] Jupyter Server 2.14.2 is running at:
[I 2024-08-14 18:18:01.865 ServerApp] http://localhost:8888/lab?token=daa671a954bf69d538e8586f117545942fe2e808a14ae79a
[I 2024-08-14 18:18:01.865 ServerApp]     http://127.0.0.1:8888/lab?token=daa671a954bf69d538e8586f117545942fe2e808a14ae79a
[I 2024-08-14 18:18:01.865 ServerApp] Use Control-C to stop this server and shut down all kernels (twice to skip confirmation).
[C 2024-08-14 18:18:01.870 ServerApp] 
    
    To access the server, open this file in a browser:
        file:///Users/new/Library/Jupyter/runtime/jpserver-55335-open.html
    Or copy and paste one of these URLs:
        http://localhost:8888/lab?token=daa671a954bf69d538e8586f117545942fe2e808a14ae79a
        http://127.0.0.1:8888/lab?token=daa671a954bf69d538e8586f117545942fe2e808a14ae79a
[I 2024-08-14 18:18:01.898 ServerApp] Skipped non-installed server(s): bash-language-server, dockerfile-language-server-nodejs, javascript-typescript-langserver, jedi-language-server, julia-language-server, pyright, python-language-server, python-lsp-server, r-languageserver, sql-language-server, texlab, typescript-language-server, unified-language-server, vscode-css-languageserver-bin, vscode-html-languageserver-bin, vscode-json-languageserver-bin, yaml-language-server
[W 2024-08-14 18:18:04.419 LabApp] Could not determine jupyterlab build status without nodejs
[W 2024-08-14 18:18:11.258 ServerApp] 404 GET /api/contents/PycharmProjects?content=1&hash=0&1723630691251 (1f6d255f106c4af4924bb69f6902105b@::1) 2.58ms referer=http://localhost:8888/lab/tree/PycharmProjects
[W 2024-08-14 18:18:11.260 ServerApp] 404 GET /api/contents/PycharmProjects?content=1&hash=0&1723630691251 (::1): No such file or directory: PycharmProjects
[W 2024-08-14 18:18:23.155 ServerApp] Notebook teachopencadd/talktorials/T001_query_chembl/talktorial.ipynb is not trusted
[I 2024-08-14 18:18:23.711 ServerApp] Kernel started: 40cfeb7d-1def-4940-85f9-05a2257fb96a
[I 2024-08-14 18:18:24.628 ServerApp] Connecting to kernel 40cfeb7d-1def-4940-85f9-05a2257fb96a.
[I 2024-08-14 18:18:24.629 ServerApp] Connecting to kernel 40cfeb7d-1def-4940-85f9-05a2257fb96a.
[I 2024-08-14 18:18:24.648 ServerApp] Connecting to kernel 40cfeb7d-1def-4940-85f9-05a2257fb96a.
[I 2024-08-14 18:20:23.252 ServerApp] Saving file at /teachopencadd/talktorials/T001_query_chembl/talktorial.ipynb
[W 2024-08-14 18:20:23.256 ServerApp] Notebook teachopencadd/talktorials/T001_query_chembl/talktorial.ipynb is not trusted
[I 2024-08-14 18:22:23.416 ServerApp] Saving file at /teachopencadd/talktorials/T001_query_chembl/talktorial.ipynb
[W 2024-08-14 18:22:23.421 ServerApp] Notebook teachopencadd/talktorials/T001_query_chembl/talktorial.ipynb is not trusted
[I 2024-08-14 18:26:08.709 ServerApp] Kernel interrupted: 40cfeb7d-1def-4940-85f9-05a2257fb96a
[I 2024-08-14 18:26:23.531 ServerApp] Saving file at /teachopencadd/talktorials/T001_query_chembl/talktorial.ipynb
[W 2024-08-14 18:26:23.535 ServerApp] Notebook teachopencadd/talktorials/T001_query_chembl/talktorial.ipynb is not trusted
[I 2024-08-14 18:38:37.838 ServerApp] Kernel interrupted: 40cfeb7d-1def-4940-85f9-05a2257fb96a
[I 2024-08-14 18:39:08.742 ServerApp] Saving file at /teachopencadd/talktorials/T001_query_chembl/talktorial.ipynb
[W 2024-08-14 18:39:08.745 ServerApp] Notebook teachopencadd/talktorials/T001_query_chembl/talktorial.ipynb is not trusted
[I 2024-08-14 18:41:08.845 ServerApp] Saving file at /teachopencadd/talktorials/T001_query_chembl/talktorial.ipynb
[W 2024-08-14 18:41:08.848 ServerApp] Notebook teachopencadd/talktorials/T001_query_chembl/talktorial.ipynb is not trusted
[I 2024-08-14 18:47:30.835 ServerApp] Kernel restarted: 40cfeb7d-1def-4940-85f9-05a2257fb96a
[I 2024-08-14 18:47:30.842 ServerApp] Starting buffering for 40cfeb7d-1def-4940-85f9-05a2257fb96a:767cc772-18e2-4a77-a0e3-a84e290932e9
[I 2024-08-14 18:47:30.847 ServerApp] Connecting to kernel 40cfeb7d-1def-4940-85f9-05a2257fb96a.
[I 2024-08-14 18:47:30.847 ServerApp] Restoring connection for 40cfeb7d-1def-4940-85f9-05a2257fb96a:767cc772-18e2-4a77-a0e3-a84e290932e9
[I 2024-08-14 18:47:35.579 ServerApp] Kernel restarted: 40cfeb7d-1def-4940-85f9-05a2257fb96a
[I 2024-08-14 18:47:35.583 ServerApp] Starting buffering for 40cfeb7d-1def-4940-85f9-05a2257fb96a:767cc772-18e2-4a77-a0e3-a84e290932e9
[I 2024-08-14 18:47:35.587 ServerApp] Connecting to kernel 40cfeb7d-1def-4940-85f9-05a2257fb96a.
[I 2024-08-14 18:47:35.587 ServerApp] Restoring connection for 40cfeb7d-1def-4940-85f9-05a2257fb96a:767cc772-18e2-4a77-a0e3-a84e290932e9
[I 2024-08-14 18:49:09.782 ServerApp] Saving file at /teachopencadd/talktorials/T001_query_chembl/talktorial.ipynb
[I 2024-08-14 18:50:18.774 ServerApp] Connecting to kernel 40cfeb7d-1def-4940-85f9-05a2257fb96a.
[I 2024-08-14 18:50:58.184 ServerApp] Starting buffering for 40cfeb7d-1def-4940-85f9-05a2257fb96a:767cc772-18e2-4a77-a0e3-a84e290932e9
[I 2024-08-14 18:52:30.472 ServerApp] Connecting to kernel 40cfeb7d-1def-4940-85f9-05a2257fb96a.
[W 2024-08-14 18:52:30.490 LabApp] Could not determine jupyterlab build status without nodejs
[I 2024-08-14 18:52:30.665 ServerApp] Starting buffering for 40cfeb7d-1def-4940-85f9-05a2257fb96a:b519888c-ad22-451b-af94-a6d75fe59652
[I 2024-08-14 18:52:31.317 ServerApp] Connecting to kernel 40cfeb7d-1def-4940-85f9-05a2257fb96a.
[I 2024-08-14 18:53:34.102 ServerApp] Starting buffering for 40cfeb7d-1def-4940-85f9-05a2257fb96a:7e45f0cd-c6fc-4a74-ac0f-b092fb65c00d
[I 2024-08-14 18:54:09.286 ServerApp] Connecting to kernel 40cfeb7d-1def-4940-85f9-05a2257fb96a.
[I 2024-08-14 18:54:09.313 ServerApp] Starting buffering for 40cfeb7d-1def-4940-85f9-05a2257fb96a:7b534eb2-f67d-442e-9dea-84026b08fde4
[W 2024-08-14 18:54:09.449 LabApp] Could not determine jupyterlab build status without nodejs
[I 2024-08-14 18:54:10.159 ServerApp] Connecting to kernel 40cfeb7d-1def-4940-85f9-05a2257fb96a.
[I 2024-08-14 19:00:10.248 ServerApp] Saving file at /teachopencadd/talktorials/T001_query_chembl/talktorial.ipynb
[I 2024-08-14 19:02:10.308 ServerApp] Saving file at /teachopencadd/talktorials/T001_query_chembl/talktorial.ipynb
[I 2024-08-14 19:10:10.409 ServerApp] Saving file at /teachopencadd/talktorials/T001_query_chembl/talktorial.ipynb
[I 2024-08-14 19:12:10.500 ServerApp] Saving file at /teachopencadd/talktorials/T001_query_chembl/talktorial.ipynb
[I 2024-08-14 19:14:10.582 ServerApp] Saving file at /teachopencadd/talktorials/T001_query_chembl/talktorial.ipynb
[I 2024-08-14 19:16:10.666 ServerApp] Saving file at /teachopencadd/talktorials/T001_query_chembl/talktorial.ipynb
[I 2024-08-14 19:38:11.047 ServerApp] Saving file at /teachopencadd/talktorials/T001_query_chembl/talktorial.ipynb
[I 2024-08-14 19:44:11.522 ServerApp] Saving file at /teachopencadd/talktorials/T001_query_chembl/talktorial.ipynb
[I 2024-08-14 20:00:18.416 ServerApp] Starting buffering for 40cfeb7d-1def-4940-85f9-05a2257fb96a:c945ccb2-4a57-4d7d-b0a7-245c1eae52c4
[I 2024-08-14 20:00:18.448 ServerApp] Connecting to kernel 40cfeb7d-1def-4940-85f9-05a2257fb96a.
[I 2024-08-14 20:00:18.448 ServerApp] Restoring connection for 40cfeb7d-1def-4940-85f9-05a2257fb96a:c945ccb2-4a57-4d7d-b0a7-245c1eae52c4
[I 2024-08-14 20:24:56.389 ServerApp] Starting buffering for 40cfeb7d-1def-4940-85f9-05a2257fb96a:c945ccb2-4a57-4d7d-b0a7-245c1eae52c4
[I 2024-08-14 20:24:56.433 ServerApp] Connecting to kernel 40cfeb7d-1def-4940-85f9-05a2257fb96a.
[I 2024-08-14 20:24:56.433 ServerApp] Restoring connection for 40cfeb7d-1def-4940-85f9-05a2257fb96a:c945ccb2-4a57-4d7d-b0a7-245c1eae52c4
[I 2024-08-14 21:01:14.526 ServerApp] Starting buffering for 40cfeb7d-1def-4940-85f9-05a2257fb96a:c945ccb2-4a57-4d7d-b0a7-245c1eae52c4
[I 2024-08-14 21:01:14.572 ServerApp] Connecting to kernel 40cfeb7d-1def-4940-85f9-05a2257fb96a.
[I 2024-08-14 21:01:14.573 ServerApp] Restoring connection for 40cfeb7d-1def-4940-85f9-05a2257fb96a:c945ccb2-4a57-4d7d-b0a7-245c1eae52c4
[I 2024-08-15 07:30:40.238 ServerApp] Kernel restarted: 40cfeb7d-1def-4940-85f9-05a2257fb96a
[I 2024-08-15 07:30:40.252 ServerApp] Starting buffering for 40cfeb7d-1def-4940-85f9-05a2257fb96a:c945ccb2-4a57-4d7d-b0a7-245c1eae52c4
[I 2024-08-15 07:30:40.256 ServerApp] Connecting to kernel 40cfeb7d-1def-4940-85f9-05a2257fb96a.
[I 2024-08-15 07:30:40.256 ServerApp] Restoring connection for 40cfeb7d-1def-4940-85f9-05a2257fb96a:c945ccb2-4a57-4d7d-b0a7-245c1eae52c4
[I 2024-08-15 07:32:22.384 ServerApp] Saving file at /teachopencadd/talktorials/T001_query_chembl/talktorial.ipynb
[I 2024-08-15 07:34:22.450 ServerApp] Saving file at /teachopencadd/talktorials/T001_query_chembl/talktorial.ipynb
[I 2024-08-15 07:36:23.367 ServerApp] Saving file at /teachopencadd/talktorials/T001_query_chembl/talktorial.ipynb
[I 2024-08-15 07:40:24.361 ServerApp] Saving file at /teachopencadd/talktorials/T001_query_chembl/talktorial.ipynb
[I 2024-08-15 07:42:24.442 ServerApp] Saving file at /teachopencadd/talktorials/T001_query_chembl/talktorial.ipynb
[I 2024-08-15 07:44:24.523 ServerApp] Saving file at /teachopencadd/talktorials/T001_query_chembl/talktorial.ipynb
[I 2024-08-15 07:46:24.571 ServerApp] Saving file at /teachopencadd/talktorials/T001_query_chembl/talktorial.ipynb
[I 2024-08-15 07:48:24.649 ServerApp] Saving file at /teachopencadd/talktorials/T001_query_chembl/talktorial.ipynb
[I 2024-08-15 07:50:25.321 ServerApp] Saving file at /teachopencadd/talktorials/T001_query_chembl/talktorial.ipynb
[I 2024-08-15 07:52:25.434 ServerApp] Saving file at /teachopencadd/talktorials/T001_query_chembl/talktorial.ipynb
[I 2024-08-15 07:54:25.522 ServerApp] Saving file at /teachopencadd/talktorials/T001_query_chembl/talktorial.ipynb
[I 2024-08-15 07:56:25.591 ServerApp] Saving file at /teachopencadd/talktorials/T001_query_chembl/talktorial.ipynb
[I 2024-08-15 07:58:25.666 ServerApp] Saving file at /teachopencadd/talktorials/T001_query_chembl/talktorial.ipynb
[I 2024-08-15 08:00:25.753 ServerApp] Saving file at /teachopencadd/talktorials/T001_query_chembl/talktorial.ipynb
[I 2024-08-15 08:02:25.848 ServerApp] Saving file at /teachopencadd/talktorials/T001_query_chembl/talktorial.ipynb
[I 2024-08-15 08:04:25.917 ServerApp] Saving file at /teachopencadd/talktorials/T001_query_chembl/talktorial.ipynb
[I 2024-08-15 08:06:26.004 ServerApp] Saving file at /teachopencadd/talktorials/T001_query_chembl/talktorial.ipynb
[I 2024-08-15 08:08:26.083 ServerApp] Saving file at /teachopencadd/talktorials/T001_query_chembl/talktorial.ipynb
[I 2024-08-15 08:10:26.166 ServerApp] Saving file at /teachopencadd/talktorials/T001_query_chembl/talktorial.ipynb
[I 2024-08-15 08:14:26.250 ServerApp] Saving file at /teachopencadd/talktorials/T001_query_chembl/talktorial.ipynb
[I 2024-08-15 08:16:26.339 ServerApp] Saving file at /teachopencadd/talktorials/T001_query_chembl/talktorial.ipynb
[I 2024-08-15 08:20:27.284 ServerApp] Saving file at /teachopencadd/talktorials/T001_query_chembl/talktorial.ipynb
[I 2024-08-15 08:28:29.284 ServerApp] Saving file at /teachopencadd/talktorials/T001_query_chembl/talktorial.ipynb
[I 2024-08-15 08:30:29.365 ServerApp] Saving file at /teachopencadd/talktorials/T001_query_chembl/talktorial.ipynb
[I 2024-08-15 08:30:57.785 ServerApp] Starting buffering for 40cfeb7d-1def-4940-85f9-05a2257fb96a:c945ccb2-4a57-4d7d-b0a7-245c1eae52c4
[I 2024-08-15 08:30:57.815 ServerApp] Connecting to kernel 40cfeb7d-1def-4940-85f9-05a2257fb96a.
[I 2024-08-15 08:30:57.815 ServerApp] Restoring connection for 40cfeb7d-1def-4940-85f9-05a2257fb96a:c945ccb2-4a57-4d7d-b0a7-245c1eae52c4
[I 2024-08-15 12:05:41.489 ServerApp] Saving file at /teachopencadd/talktorials/T001_query_chembl/talktorial.ipynb
[I 2024-08-15 12:07:41.573 ServerApp] Saving file at /teachopencadd/talktorials/T001_query_chembl/talktorial.ipynb
[I 2024-08-15 12:09:42.470 ServerApp] Saving file at /teachopencadd/talktorials/T001_query_chembl/talktorial.ipynb
[I 2024-08-15 12:13:31.226 ServerApp] Uploading file to /teachopencadd/talktorials/T001_query_chembl/images/CHEMBL_cover.png
[I 2024-08-15 12:13:42.567 ServerApp] Saving file at /teachopencadd/talktorials/T001_query_chembl/talktorial.ipynb
[I 2024-08-15 12:15:42.630 ServerApp] Saving file at /teachopencadd/talktorials/T001_query_chembl/talktorial.ipynb
[I 2024-08-15 12:17:43.443 ServerApp] Saving file at /teachopencadd/talktorials/T001_query_chembl/talktorial.ipynb
[I 2024-08-15 12:19:43.510 ServerApp] Saving file at /teachopencadd/talktorials/T001_query_chembl/talktorial.ipynb
[I 2024-08-15 12:23:45.448 ServerApp] Saving file at /teachopencadd/talktorials/T001_query_chembl/talktorial.ipynb
[I 2024-08-15 12:34:31.919 ServerApp] Starting buffering for 40cfeb7d-1def-4940-85f9-05a2257fb96a:c945ccb2-4a57-4d7d-b0a7-245c1eae52c4
[I 2024-08-15 12:34:32.002 ServerApp] Connecting to kernel 40cfeb7d-1def-4940-85f9-05a2257fb96a.
[I 2024-08-15 12:34:32.003 ServerApp] Restoring connection for 40cfeb7d-1def-4940-85f9-05a2257fb96a:c945ccb2-4a57-4d7d-b0a7-245c1eae52c4
[I 2024-08-15 19:48:31.100 ServerApp] Saving file at /teachopencadd/talktorials/T001_query_chembl/talktorial.ipynb
[I 2024-08-15 19:50:31.177 ServerApp] Saving file at /teachopencadd/talktorials/T001_query_chembl/talktorial.ipynb
[I 2024-08-15 19:52:31.255 ServerApp] Saving file at /teachopencadd/talktorials/T001_query_chembl/talktorial.ipynb
[I 2024-08-15 19:54:31.332 ServerApp] Saving file at /teachopencadd/talktorials/T001_query_chembl/talktorial.ipynb
[I 2024-08-15 19:56:31.399 ServerApp] Saving file at /teachopencadd/talktorials/T001_query_chembl/talktorial.ipynb
[I 2024-08-15 19:58:31.504 ServerApp] Saving file at /teachopencadd/talktorials/T001_query_chembl/talktorial.ipynb
[I 2024-08-15 20:00:31.597 ServerApp] Saving file at /teachopencadd/talktorials/T001_query_chembl/talktorial.ipynb
[I 2024-08-15 20:02:31.726 ServerApp] Saving file at /teachopencadd/talktorials/T001_query_chembl/talktorial.ipynb
[I 2024-08-15 20:04:31.907 ServerApp] Saving file at /teachopencadd/talktorials/T001_query_chembl/talktorial.ipynb
[I 2024-08-15 20:05:31.539 ServerApp] Saving file at /teachopencadd/talktorials/T001_query_chembl/talktorial.ipynb
[I 2024-08-15 20:07:31.610 ServerApp] Saving file at /teachopencadd/talktorials/T001_query_chembl/talktorial.ipynb
[I 2024-08-15 20:09:31.693 ServerApp] Saving file at /teachopencadd/talktorials/T001_query_chembl/talktorial.ipynb
[I 2024-08-15 20:13:31.811 ServerApp] Saving file at /teachopencadd/talktorials/T001_query_chembl/talktorial.ipynb
[I 2024-08-15 20:15:32.811 ServerApp] Saving file at /teachopencadd/talktorials/T001_query_chembl/talktorial.ipynb
[I 2024-08-15 20:19:32.872 ServerApp] Saving file at /teachopencadd/talktorials/T001_query_chembl/talktorial.ipynb
[I 2024-08-15 20:23:32.962 ServerApp] Saving file at /teachopencadd/talktorials/T001_query_chembl/talktorial.ipynb
[I 2024-08-15 20:25:33.026 ServerApp] Saving file at /teachopencadd/talktorials/T001_query_chembl/talktorial.ipynb
[I 2024-08-15 20:27:33.097 ServerApp] Saving file at /teachopencadd/talktorials/T001_query_chembl/talktorial.ipynb
[I 2024-08-15 20:29:33.169 ServerApp] Saving file at /teachopencadd/talktorials/T001_query_chembl/talktorial.ipynb
[I 2024-08-15 20:31:33.238 ServerApp] Saving file at /teachopencadd/talktorials/T001_query_chembl/talktorial.ipynb
[I 2024-08-15 20:33:33.306 ServerApp] Saving file at /teachopencadd/talktorials/T001_query_chembl/talktorial.ipynb
[I 2024-08-15 20:37:33.381 ServerApp] Saving file at /teachopencadd/talktorials/T001_query_chembl/talktorial.ipynb
[I 2024-08-15 20:39:33.450 ServerApp] Saving file at /teachopencadd/talktorials/T001_query_chembl/talktorial.ipynb
[I 2024-08-15 20:43:33.511 ServerApp] Saving file at /teachopencadd/talktorials/T001_query_chembl/talktorial.ipynb
[I 2024-08-15 20:45:33.591 ServerApp] Saving file at /teachopencadd/talktorials/T001_query_chembl/talktorial.ipynb
[I 2024-08-15 20:51:33.680 ServerApp] Saving file at /teachopencadd/talktorials/T001_query_chembl/talktorial.ipynb
[I 2024-08-15 20:53:33.751 ServerApp] Saving file at /teachopencadd/talktorials/T001_query_chembl/talktorial.ipynb
[I 2024-08-15 20:55:33.831 ServerApp] Saving file at /teachopencadd/talktorials/T001_query_chembl/talktorial.ipynb
[I 2024-08-15 21:13:34.630 ServerApp] Saving file at /teachopencadd/talktorials/T001_query_chembl/talktorial.ipynb
[I 2024-08-15 21:14:23.777 ServerApp] Saving file at /teachopencadd/talktorials/T001_query_chembl/talktorial.ipynb
[I 2024-08-15 21:16:46.677 ServerApp] Saving file at /teachopencadd/talktorials/T001_query_chembl/talktorial.ipynb
[I 2024-08-15 21:17:53.121 ServerApp] Saving file at /teachopencadd/talktorials/T001_query_chembl/talktorial.ipynb
[I 2024-08-15 21:23:36.012 ServerApp] Starting buffering for 40cfeb7d-1def-4940-85f9-05a2257fb96a:c945ccb2-4a57-4d7d-b0a7-245c1eae52c4
[I 2024-08-15 21:23:36.093 ServerApp] Connecting to kernel 40cfeb7d-1def-4940-85f9-05a2257fb96a.
[I 2024-08-15 21:23:36.093 ServerApp] Restoring connection for 40cfeb7d-1def-4940-85f9-05a2257fb96a:c945ccb2-4a57-4d7d-b0a7-245c1eae52c4
[I 2024-08-16 08:31:06.229 ServerApp] Starting buffering for 40cfeb7d-1def-4940-85f9-05a2257fb96a:c945ccb2-4a57-4d7d-b0a7-245c1eae52c4
[I 2024-08-16 08:31:06.440 ServerApp] Connecting to kernel 40cfeb7d-1def-4940-85f9-05a2257fb96a.
[I 2024-08-16 08:31:06.441 ServerApp] Restoring connection for 40cfeb7d-1def-4940-85f9-05a2257fb96a:c945ccb2-4a57-4d7d-b0a7-245c1eae52c4
[I 2024-08-16 12:53:33.090 ServerApp] Saving file at /teachopencadd/talktorials/T001_query_chembl/talktorial.ipynb
[I 2024-08-16 12:55:33.189 ServerApp] Saving file at /teachopencadd/talktorials/T001_query_chembl/talktorial.ipynb
[I 2024-08-16 13:02:14.457 ServerApp] Starting buffering for 40cfeb7d-1def-4940-85f9-05a2257fb96a:c945ccb2-4a57-4d7d-b0a7-245c1eae52c4
[I 2024-08-16 13:02:14.559 ServerApp] Connecting to kernel 40cfeb7d-1def-4940-85f9-05a2257fb96a.
[I 2024-08-16 13:02:14.560 ServerApp] Restoring connection for 40cfeb7d-1def-4940-85f9-05a2257fb96a:c945ccb2-4a57-4d7d-b0a7-245c1eae52c4
[I 2024-08-16 21:33:45.846 ServerApp] Saving file at /teachopencadd/talktorials/T001_query_chembl/talktorial.ipynb
[I 2024-08-16 21:35:45.951 ServerApp] Saving file at /teachopencadd/talktorials/T001_query_chembl/talktorial.ipynb
[I 2024-08-16 21:41:46.024 ServerApp] Saving file at /teachopencadd/talktorials/T001_query_chembl/talktorial.ipynb
[I 2024-08-16 21:43:46.109 ServerApp] Saving file at /teachopencadd/talktorials/T001_query_chembl/talktorial.ipynb
[I 2024-08-16 22:05:46.128 ServerApp] Saving file at /teachopencadd/talktorials/T001_query_chembl/talktorial.ipynb
[I 2024-08-16 22:07:46.208 ServerApp] Saving file at /teachopencadd/talktorials/T001_query_chembl/talktorial.ipynb
[I 2024-08-16 22:09:46.288 ServerApp] Saving file at /teachopencadd/talktorials/T001_query_chembl/talktorial.ipynb
[I 2024-08-16 22:11:46.361 ServerApp] Saving file at /teachopencadd/talktorials/T001_query_chembl/talktorial.ipynb
[I 2024-08-16 22:13:46.440 ServerApp] Saving file at /teachopencadd/talktorials/T001_query_chembl/talktorial.ipynb
[I 2024-08-16 22:15:46.610 ServerApp] Saving file at /teachopencadd/talktorials/T001_query_chembl/talktorial.ipynb
[I 2024-08-16 22:17:47.614 ServerApp] Saving file at /teachopencadd/talktorials/T001_query_chembl/talktorial.ipynb
[I 2024-08-16 22:19:47.705 ServerApp] Saving file at /teachopencadd/talktorials/T001_query_chembl/talktorial.ipynb
[I 2024-08-16 22:21:47.779 ServerApp] Saving file at /teachopencadd/talktorials/T001_query_chembl/talktorial.ipynb
[I 2024-08-16 22:23:47.851 ServerApp] Saving file at /teachopencadd/talktorials/T001_query_chembl/talktorial.ipynb
[I 2024-08-16 22:25:47.934 ServerApp] Saving file at /teachopencadd/talktorials/T001_query_chembl/talktorial.ipynb
[I 2024-08-16 22:27:48.006 ServerApp] Saving file at /teachopencadd/talktorials/T001_query_chembl/talktorial.ipynb
[I 2024-08-16 22:29:48.586 ServerApp] Saving file at /teachopencadd/talktorials/T001_query_chembl/talktorial.ipynb
[I 2024-08-16 22:31:48.681 ServerApp] Saving file at /teachopencadd/talktorials/T001_query_chembl/talktorial.ipynb
[I 2024-08-16 22:33:48.793 ServerApp] Saving file at /teachopencadd/talktorials/T001_query_chembl/talktorial.ipynb
[I 2024-08-16 22:35:48.864 ServerApp] Saving file at /teachopencadd/talktorials/T001_query_chembl/talktorial.ipynb
[I 2024-08-16 22:37:48.947 ServerApp] Saving file at /teachopencadd/talktorials/T001_query_chembl/talktorial.ipynb
[I 2024-08-16 22:39:49.581 ServerApp] Saving file at /teachopencadd/talktorials/T001_query_chembl/talktorial.ipynb
[I 2024-08-16 22:41:49.664 ServerApp] Saving file at /teachopencadd/talktorials/T001_query_chembl/talktorial.ipynb
[I 2024-08-16 22:45:49.769 ServerApp] Saving file at /teachopencadd/talktorials/T001_query_chembl/talktorial.ipynb
[I 2024-08-16 22:47:49.866 ServerApp] Saving file at /teachopencadd/talktorials/T001_query_chembl/talktorial.ipynb
[I 2024-08-16 22:49:49.952 ServerApp] Saving file at /teachopencadd/talktorials/T001_query_chembl/talktorial.ipynb
[I 2024-08-16 22:51:50.039 ServerApp] Saving file at /teachopencadd/talktorials/T001_query_chembl/talktorial.ipynb
[I 2024-08-16 22:53:41.890 ServerApp] Saving file at /teachopencadd/talktorials/T001_query_chembl/talktorial.ipynb
[I 2024-08-16 22:53:50.934 ServerApp] Kernel restarted: 40cfeb7d-1def-4940-85f9-05a2257fb96a
[I 2024-08-16 22:53:50.941 ServerApp] Starting buffering for 40cfeb7d-1def-4940-85f9-05a2257fb96a:c945ccb2-4a57-4d7d-b0a7-245c1eae52c4
[I 2024-08-16 22:53:50.947 ServerApp] Connecting to kernel 40cfeb7d-1def-4940-85f9-05a2257fb96a.
[I 2024-08-16 22:53:50.947 ServerApp] Restoring connection for 40cfeb7d-1def-4940-85f9-05a2257fb96a:c945ccb2-4a57-4d7d-b0a7-245c1eae52c4
[I 2024-08-16 22:55:41.975 ServerApp] Saving file at /teachopencadd/talktorials/T001_query_chembl/talktorial.ipynb
[I 2024-08-16 22:56:53.070 ServerApp] Kernel restarted: 40cfeb7d-1def-4940-85f9-05a2257fb96a
[I 2024-08-16 22:56:53.076 ServerApp] Starting buffering for 40cfeb7d-1def-4940-85f9-05a2257fb96a:c945ccb2-4a57-4d7d-b0a7-245c1eae52c4
[I 2024-08-16 22:56:53.080 ServerApp] Connecting to kernel 40cfeb7d-1def-4940-85f9-05a2257fb96a.
[I 2024-08-16 22:56:53.080 ServerApp] Restoring connection for 40cfeb7d-1def-4940-85f9-05a2257fb96a:c945ccb2-4a57-4d7d-b0a7-245c1eae52c4
[I 2024-08-16 22:57:42.049 ServerApp] Saving file at /teachopencadd/talktorials/T001_query_chembl/talktorial.ipynb
[I 2024-08-16 22:59:42.112 ServerApp] Saving file at /teachopencadd/talktorials/T001_query_chembl/talktorial.ipynb
[I 2024-08-16 23:04:22.254 ServerApp] Kernel interrupted: 40cfeb7d-1def-4940-85f9-05a2257fb96a
[I 2024-08-16 23:05:42.479 ServerApp] Saving file at /teachopencadd/talktorials/T001_query_chembl/talktorial.ipynb
[I 2024-08-16 23:07:42.561 ServerApp] Saving file at /teachopencadd/talktorials/T001_query_chembl/talktorial.ipynb
[I 2024-08-16 23:11:11.536 ServerApp] Kernel restarted: 40cfeb7d-1def-4940-85f9-05a2257fb96a
[I 2024-08-16 23:11:11.542 ServerApp] Starting buffering for 40cfeb7d-1def-4940-85f9-05a2257fb96a:c945ccb2-4a57-4d7d-b0a7-245c1eae52c4
[I 2024-08-16 23:11:11.548 ServerApp] Connecting to kernel 40cfeb7d-1def-4940-85f9-05a2257fb96a.
[I 2024-08-16 23:11:11.548 ServerApp] Restoring connection for 40cfeb7d-1def-4940-85f9-05a2257fb96a:c945ccb2-4a57-4d7d-b0a7-245c1eae52c4
[I 2024-08-16 23:11:13.251 ServerApp] Saving file at /teachopencadd/talktorials/T001_query_chembl/talktorial.ipynb
[W 2024-08-16 23:13:37.872 ServerApp] Notebook teachopencadd/talktorials/T002_compound_adme/talktorial.ipynb is not trusted
[I 2024-08-16 23:13:38.144 ServerApp] Kernel started: 6d41458f-acca-4ea7-b168-fa3e792805e6
[I 2024-08-16 23:13:39.163 ServerApp] Connecting to kernel 6d41458f-acca-4ea7-b168-fa3e792805e6.
[W 2024-08-16 23:14:33.592 ServerApp] Notebook teachopencadd/talktorials/T003_compound_unwanted_substructures/talktorial.ipynb is not trusted
[I 2024-08-16 23:14:33.807 ServerApp] Kernel started: 83c78f31-7771-471e-8e43-1664114f6126
[I 2024-08-16 23:14:34.827 ServerApp] Connecting to kernel 83c78f31-7771-471e-8e43-1664114f6126.
[I 2024-08-16 23:15:37.977 ServerApp] Saving file at /teachopencadd/talktorials/T002_compound_adme/talktorial.ipynb
[W 2024-08-16 23:15:37.981 ServerApp] Notebook teachopencadd/talktorials/T002_compound_adme/talktorial.ipynb is not trusted
[I 2024-08-16 23:16:33.657 ServerApp] Saving file at /teachopencadd/talktorials/T003_compound_unwanted_substructures/talktorial.ipynb
[W 2024-08-16 23:16:33.658 ServerApp] Notebook teachopencadd/talktorials/T003_compound_unwanted_substructures/talktorial.ipynb is not trusted
[I 2024-08-16 23:17:38.074 ServerApp] Saving file at /teachopencadd/talktorials/T002_compound_adme/talktorial.ipynb
[W 2024-08-16 23:17:38.076 ServerApp] Notebook teachopencadd/talktorials/T002_compound_adme/talktorial.ipynb is not trusted
[I 2024-08-16 23:19:13.318 ServerApp] Saving file at /teachopencadd/talktorials/T001_query_chembl/talktorial.ipynb
[I 2024-08-16 23:19:38.152 ServerApp] Saving file at /teachopencadd/talktorials/T002_compound_adme/talktorial.ipynb
[W 2024-08-16 23:19:38.155 ServerApp] Notebook teachopencadd/talktorials/T002_compound_adme/talktorial.ipynb is not trusted
[I 2024-08-16 23:21:13.391 ServerApp] Saving file at /teachopencadd/talktorials/T001_query_chembl/talktorial.ipynb
[I 2024-08-16 23:21:38.297 ServerApp] Saving file at /teachopencadd/talktorials/T002_compound_adme/talktorial.ipynb
[W 2024-08-16 23:21:38.300 ServerApp] Notebook teachopencadd/talktorials/T002_compound_adme/talktorial.ipynb is not trusted
[I 2024-08-16 23:23:13.470 ServerApp] Saving file at /teachopencadd/talktorials/T001_query_chembl/talktorial.ipynb
[I 2024-08-16 23:23:38.366 ServerApp] Saving file at /teachopencadd/talktorials/T002_compound_adme/talktorial.ipynb
[W 2024-08-16 23:23:38.368 ServerApp] Notebook teachopencadd/talktorials/T002_compound_adme/talktorial.ipynb is not trusted
[I 2024-08-16 23:25:38.454 ServerApp] Saving file at /teachopencadd/talktorials/T002_compound_adme/talktorial.ipynb
[W 2024-08-16 23:25:38.456 ServerApp] Notebook teachopencadd/talktorials/T002_compound_adme/talktorial.ipynb is not trusted
[I 2024-08-16 23:27:38.545 ServerApp] Saving file at /teachopencadd/talktorials/T002_compound_adme/talktorial.ipynb
[W 2024-08-16 23:27:38.548 ServerApp] Notebook teachopencadd/talktorials/T002_compound_adme/talktorial.ipynb is not trusted
[I 2024-08-16 23:29:13.545 ServerApp] Saving file at /teachopencadd/talktorials/T001_query_chembl/talktorial.ipynb
[I 2024-08-16 23:33:38.621 ServerApp] Saving file at /teachopencadd/talktorials/T002_compound_adme/talktorial.ipynb
[W 2024-08-16 23:33:38.624 ServerApp] Notebook teachopencadd/talktorials/T002_compound_adme/talktorial.ipynb is not trusted
[I 2024-08-16 23:35:39.421 ServerApp] Saving file at /teachopencadd/talktorials/T002_compound_adme/talktorial.ipynb
[W 2024-08-16 23:35:39.423 ServerApp] Notebook teachopencadd/talktorials/T002_compound_adme/talktorial.ipynb is not trusted
[I 2024-08-16 23:37:39.487 ServerApp] Saving file at /teachopencadd/talktorials/T002_compound_adme/talktorial.ipynb
[W 2024-08-16 23:37:39.489 ServerApp] Notebook teachopencadd/talktorials/T002_compound_adme/talktorial.ipynb is not trusted
[I 2024-08-16 23:39:39.595 ServerApp] Saving file at /teachopencadd/talktorials/T002_compound_adme/talktorial.ipynb
[W 2024-08-16 23:39:39.598 ServerApp] Notebook teachopencadd/talktorials/T002_compound_adme/talktorial.ipynb is not trusted
[I 2024-08-16 23:41:39.678 ServerApp] Saving file at /teachopencadd/talktorials/T002_compound_adme/talktorial.ipynb
[W 2024-08-16 23:41:39.680 ServerApp] Notebook teachopencadd/talktorials/T002_compound_adme/talktorial.ipynb is not trusted
[I 2024-08-16 23:43:39.761 ServerApp] Saving file at /teachopencadd/talktorials/T002_compound_adme/talktorial.ipynb
[W 2024-08-16 23:43:39.764 ServerApp] Notebook teachopencadd/talktorials/T002_compound_adme/talktorial.ipynb is not trusted
[I 2024-08-16 23:45:39.835 ServerApp] Saving file at /teachopencadd/talktorials/T002_compound_adme/talktorial.ipynb
[W 2024-08-16 23:45:39.837 ServerApp] Notebook teachopencadd/talktorials/T002_compound_adme/talktorial.ipynb is not trusted
[I 2024-08-16 23:49:39.903 ServerApp] Saving file at /teachopencadd/talktorials/T002_compound_adme/talktorial.ipynb
[W 2024-08-16 23:49:39.908 ServerApp] Notebook teachopencadd/talktorials/T002_compound_adme/talktorial.ipynb is not trusted
[I 2024-08-16 23:51:39.985 ServerApp] Saving file at /teachopencadd/talktorials/T002_compound_adme/talktorial.ipynb
[W 2024-08-16 23:51:39.988 ServerApp] Notebook teachopencadd/talktorials/T002_compound_adme/talktorial.ipynb is not trusted
[I 2024-08-16 23:53:40.078 ServerApp] Saving file at /teachopencadd/talktorials/T002_compound_adme/talktorial.ipynb
[W 2024-08-16 23:53:40.081 ServerApp] Notebook teachopencadd/talktorials/T002_compound_adme/talktorial.ipynb is not trusted
[I 2024-08-16 23:55:34.508 ServerApp] Kernel interrupted: 40cfeb7d-1def-4940-85f9-05a2257fb96a
[I 2024-08-16 23:55:40.174 ServerApp] Saving file at /teachopencadd/talktorials/T002_compound_adme/talktorial.ipynb
[W 2024-08-16 23:55:40.176 ServerApp] Notebook teachopencadd/talktorials/T002_compound_adme/talktorial.ipynb is not trusted
[I 2024-08-16 23:56:23.575 ServerApp] Starting buffering for 83c78f31-7771-471e-8e43-1664114f6126:79385a83-3439-4e9a-9cc8-aea7b1c3b78c
[I 2024-08-16 23:57:15.382 ServerApp] Saving file at /teachopencadd/talktorials/T001_query_chembl/talktorial.ipynb
[I 2024-08-16 23:57:40.263 ServerApp] Saving file at /teachopencadd/talktorials/T002_compound_adme/talktorial.ipynb
[W 2024-08-16 23:57:40.265 ServerApp] Notebook teachopencadd/talktorials/T002_compound_adme/talktorial.ipynb is not trusted
[I 2024-08-16 23:59:35.999 ServerApp] Saving file at /teachopencadd/talktorials/T002_compound_adme/talktorial.ipynb
[W 2024-08-16 23:59:36.002 ServerApp] Notebook teachopencadd/talktorials/T002_compound_adme/talktorial.ipynb is not trusted
[I 2024-08-16 23:59:48.959 ServerApp] Starting buffering for 6d41458f-acca-4ea7-b168-fa3e792805e6:43ef8e31-39ac-4483-8ca8-b0e1a11a96c5
[I 2024-08-16 23:59:49.018 ServerApp] Starting buffering for 40cfeb7d-1def-4940-85f9-05a2257fb96a:c945ccb2-4a57-4d7d-b0a7-245c1eae52c4
[I 2024-08-16 23:59:49.035 ServerApp] Connecting to kernel 6d41458f-acca-4ea7-b168-fa3e792805e6.
[I 2024-08-16 23:59:49.036 ServerApp] Restoring connection for 6d41458f-acca-4ea7-b168-fa3e792805e6:43ef8e31-39ac-4483-8ca8-b0e1a11a96c5
[I 2024-08-16 23:59:49.063 ServerApp] Connecting to kernel 40cfeb7d-1def-4940-85f9-05a2257fb96a.
[I 2024-08-16 23:59:49.063 ServerApp] Restoring connection for 40cfeb7d-1def-4940-85f9-05a2257fb96a:c945ccb2-4a57-4d7d-b0a7-245c1eae52c4
[I 2024-08-17 08:17:57.432 ServerApp] Kernel interrupted: 40cfeb7d-1def-4940-85f9-05a2257fb96a
[I 2024-08-17 08:19:23.853 ServerApp] Kernel interrupted: 40cfeb7d-1def-4940-85f9-05a2257fb96a
[I 2024-08-17 08:19:33.989 ServerApp] Saving file at /teachopencadd/talktorials/T001_query_chembl/talktorial.ipynb
[I 2024-08-17 08:21:34.944 ServerApp] Saving file at /teachopencadd/talktorials/T002_compound_adme/talktorial.ipynb
[W 2024-08-17 08:21:34.948 ServerApp] Notebook teachopencadd/talktorials/T002_compound_adme/talktorial.ipynb is not trusted
[I 2024-08-17 08:23:35.025 ServerApp] Saving file at /teachopencadd/talktorials/T002_compound_adme/talktorial.ipynb
[W 2024-08-17 08:23:35.027 ServerApp] Notebook teachopencadd/talktorials/T002_compound_adme/talktorial.ipynb is not trusted
[I 2024-08-17 08:25:35.127 ServerApp] Saving file at /teachopencadd/talktorials/T002_compound_adme/talktorial.ipynb
[W 2024-08-17 08:25:35.130 ServerApp] Notebook teachopencadd/talktorials/T002_compound_adme/talktorial.ipynb is not trusted
[I 2024-08-17 08:27:35.214 ServerApp] Saving file at /teachopencadd/talktorials/T002_compound_adme/talktorial.ipynb
[W 2024-08-17 08:27:35.217 ServerApp] Notebook teachopencadd/talktorials/T002_compound_adme/talktorial.ipynb is not trusted
[I 2024-08-17 08:29:35.316 ServerApp] Saving file at /teachopencadd/talktorials/T002_compound_adme/talktorial.ipynb
[W 2024-08-17 08:29:35.319 ServerApp] Notebook teachopencadd/talktorials/T002_compound_adme/talktorial.ipynb is not trusted
[I 2024-08-17 08:31:35.949 ServerApp] Saving file at /teachopencadd/talktorials/T002_compound_adme/talktorial.ipynb
[W 2024-08-17 08:31:35.951 ServerApp] Notebook teachopencadd/talktorials/T002_compound_adme/talktorial.ipynb is not trusted
[I 2024-08-17 08:33:36.005 ServerApp] Saving file at /teachopencadd/talktorials/T002_compound_adme/talktorial.ipynb
[W 2024-08-17 08:33:36.007 ServerApp] Notebook teachopencadd/talktorials/T002_compound_adme/talktorial.ipynb is not trusted
[I 2024-08-17 08:39:36.906 ServerApp] Saving file at /teachopencadd/talktorials/T002_compound_adme/talktorial.ipynb
[W 2024-08-17 08:39:36.910 ServerApp] Notebook teachopencadd/talktorials/T002_compound_adme/talktorial.ipynb is not trusted
[I 2024-08-17 08:41:37.894 ServerApp] Saving file at /teachopencadd/talktorials/T001_query_chembl/talktorial.ipynb
[I 2024-08-17 08:41:37.923 ServerApp] Saving file at /teachopencadd/talktorials/T002_compound_adme/talktorial.ipynb
[W 2024-08-17 08:41:37.924 ServerApp] Notebook teachopencadd/talktorials/T002_compound_adme/talktorial.ipynb is not trusted
[I 2024-08-17 08:43:37.988 ServerApp] Saving file at /teachopencadd/talktorials/T001_query_chembl/talktorial.ipynb
[I 2024-08-17 08:43:38.023 ServerApp] Saving file at /teachopencadd/talktorials/T002_compound_adme/talktorial.ipynb
[W 2024-08-17 08:43:38.024 ServerApp] Notebook teachopencadd/talktorials/T002_compound_adme/talktorial.ipynb is not trusted
[I 2024-08-17 08:45:23.204 ServerApp] Saving file at /teachopencadd/talktorials/T001_query_chembl/talktorial.ipynb
[I 2024-08-17 08:45:38.087 ServerApp] Saving file at /teachopencadd/talktorials/T002_compound_adme/talktorial.ipynb
[W 2024-08-17 08:45:38.088 ServerApp] Notebook teachopencadd/talktorials/T002_compound_adme/talktorial.ipynb is not trusted
